\BOOKMARK [0][-]{chapter*.2}{Introduction}{}% 1
\BOOKMARK [0][-]{chapter.1}{Jeu de la vie}{}% 2
\BOOKMARK [1][-]{section.1.1}{Principes}{chapter.1}% 3
\BOOKMARK [1][-]{section.1.2}{Mod\351lisation}{chapter.1}% 4
\BOOKMARK [1][-]{section.1.3}{Algorithmes}{chapter.1}% 5
\BOOKMARK [1][-]{section.1.4}{Sp\351cifications}{chapter.1}% 6
\BOOKMARK [1][-]{section.1.5}{Organisation}{chapter.1}% 7
\BOOKMARK [0][-]{chapter.2}{Jeu de go}{}% 8
\BOOKMARK [1][-]{section.2.1}{Principes}{chapter.2}% 9
\BOOKMARK [1][-]{section.2.2}{Mod\351lisation}{chapter.2}% 10
\BOOKMARK [1][-]{section.2.3}{Algorithmes}{chapter.2}% 11
\BOOKMARK [1][-]{section.2.4}{Sp\351cifications}{chapter.2}% 12
\BOOKMARK [1][-]{section.2.5}{Organisation}{chapter.2}% 13
\BOOKMARK [0][-]{chapter.3}{Jeu de plateformes coop\351ratif}{}% 14
\BOOKMARK [1][-]{section.3.1}{Principes}{chapter.3}% 15
\BOOKMARK [1][-]{section.3.2}{Mod\351lisation}{chapter.3}% 16
\BOOKMARK [1][-]{section.3.3}{Algorithmes}{chapter.3}% 17
\BOOKMARK [1][-]{section.3.4}{Sp\351cifications}{chapter.3}% 18
\BOOKMARK [1][-]{section.3.5}{Organisation}{chapter.3}% 19
\BOOKMARK [0][-]{chapter*.3}{\311tude comparative}{}% 20
\BOOKMARK [0][-]{chapter*.4}{Conclusion}{}% 21
\BOOKMARK [0][-]{section*.5}{Webographie}{}% 22
